\BOOKMARK [0][-]{chapter*.1}{\376\377\000A\000c\000k\000n\000o\000w\000l\000e\000d\000g\000e\000m\000e\000n\000t}{}% 1
\BOOKMARK [0][-]{chapter*.2}{\376\377\000L\000i\000s\000t\000\040\000o\000f\000\040\000T\000a\000b\000l\000e\000s}{}% 2
\BOOKMARK [0][-]{chapter*.3}{\376\377\000L\000i\000s\000t\000\040\000o\000f\000\040\000F\000i\000g\000u\000r\000e\000s}{}% 3
\BOOKMARK [0][-]{chapter*.4}{\376\377\000L\000i\000s\000t\000\040\000o\000f\000\040\000S\000y\000m\000b\000o\000l\000s}{}% 4
\BOOKMARK [0][-]{table.0.1}{\376\377\000L\000i\000s\000t\000\040\000o\000f\000\040\000A\000b\000b\000r\000e\000v\000i\000a\000t\000i\000o\000n\000s}{}% 5
\BOOKMARK [0][-]{chapter.1}{\376\377\000I\000n\000t\000r\000o\000d\000u\000c\000t\000i\000o\000n}{}% 6
\BOOKMARK [1][-]{section.1.1}{\376\377\000B\000a\000c\000k\000g\000r\000o\000u\000n\000d}{chapter.1}% 7
\BOOKMARK [1][-]{section.1.2}{\376\377\000M\000o\000t\000i\000v\000a\000t\000i\000o\000n}{chapter.1}% 8
\BOOKMARK [1][-]{section.1.3}{\376\377\000G\000a\000s\000\040\000T\000u\000r\000b\000i\000n\000e\000\040\000C\000o\000m\000b\000u\000s\000t\000o\000r\000\040\000D\000e\000s\000i\000g\000n\000\040\000P\000a\000r\000a\000m\000e\000t\000e\000r\000s}{chapter.1}% 9
\BOOKMARK [1][-]{section.1.4}{\376\377\000G\000a\000s\000\040\000T\000u\000r\000b\000i\000n\000e\000\040\000C\000o\000m\000b\000u\000s\000t\000o\000r\000\040\000D\000e\000s\000i\000g\000n\000\040\000P\000a\000r\000a\000m\000e\000t\000e\000r}{chapter.1}% 10
\BOOKMARK [2][-]{subsection.1.4.1}{\376\377\000H\000i\000g\000h\000\040\000T\000h\000e\000r\000m\000a\000l\000\040\000I\000n\000t\000e\000n\000s\000i\000t\000y}{section.1.4}% 11
\BOOKMARK [2][-]{subsection.1.4.2}{\376\377\000L\000o\000w\000\040\000P\000o\000l\000l\000u\000t\000a\000n\000t\000\040\000E\000m\000i\000s\000s\000i\000o\000n}{section.1.4}% 12
\BOOKMARK [2][-]{subsection.1.4.3}{\376\377\000P\000r\000e\000s\000s\000u\000r\000e\000\040\000D\000r\000o\000p}{section.1.4}% 13
\BOOKMARK [2][-]{subsection.1.4.4}{\376\377\000P\000a\000t\000t\000e\000r\000n\000\040\000F\000a\000c\000t\000o\000r}{section.1.4}% 14
\BOOKMARK [2][-]{subsection.1.4.5}{\376\377\000C\000o\000m\000b\000u\000s\000t\000i\000o\000n\000\040\000E\000f\000f\000i\000c\000i\000e\000n\000c\000y}{section.1.4}% 15
\BOOKMARK [2][-]{subsection.1.4.6}{\376\377\000C\000o\000m\000b\000u\000s\000t\000i\000o\000n\000\040\000I\000n\000s\000t\000a\000b\000i\000l\000i\000t\000y}{section.1.4}% 16
\BOOKMARK [2][-]{subsection.1.4.7}{\376\377\000O\000p\000e\000r\000a\000t\000i\000o\000n\000a\000l\000\040\000L\000i\000m\000i\000t}{section.1.4}% 17
\BOOKMARK [1][-]{section.1.5}{\376\377\000P\000o\000l\000l\000u\000t\000a\000n\000t\000\040\000F\000o\000r\000m\000a\000t\000i\000o\000n}{chapter.1}% 18
\BOOKMARK [2][-]{subsection.1.5.1}{\376\377\000O\000x\000i\000d\000e\000s\000\040\000o\000f\000\040\000N\000i\000t\000r\000o\000g\000e\000n\000\040\000\050\000N\000O\000x\000\051}{section.1.5}% 19
\BOOKMARK [2][-]{subsection.1.5.2}{\376\377\000C\000O\000\040\000\050\000U\000H\000C\000\051\000\040\000f\000o\000r\000m\000a\000t\000i\000o\000n}{section.1.5}% 20
\BOOKMARK [2][-]{subsection.1.5.3}{\376\377\000S\000o\000o\000t\000\040\000F\000o\000r\000m\000a\000t\000i\000o\000n}{section.1.5}% 21
\BOOKMARK [1][-]{section.1.6}{\376\377\000N\000o\000m\000e\000n\000c\000l\000a\000t\000u\000r\000e\000\040\000f\000o\000r\000\040\000d\000i\000f\000f\000e\000r\000e\000n\000t\000\040\000f\000l\000o\000w\000\040\000c\000o\000n\000f\000i\000g\000u\000r\000a\000t\000i\000o\000n\000s}{chapter.1}% 22
\BOOKMARK [0][-]{chapter.2}{\376\377\000L\000i\000t\000e\000r\000a\000t\000u\000r\000e\000\040\000R\000e\000v\000i\000e\000w}{}% 23
\BOOKMARK [1][-]{section.2.1}{\376\377\000I\000n\000t\000r\000o\000d\000u\000c\000t\000i\000o\000n}{chapter.2}% 24
\BOOKMARK [1][-]{section.2.2}{\376\377\000H\000i\000g\000h\000\040\000T\000e\000m\000p\000e\000r\000a\000t\000u\000r\000e\000\040\000A\000i\000r\000\040\000C\000o\000m\000b\000u\000s\000t\000i\000o\000n\000\040\000\050\000H\000i\000T\000A\000C\000\051}{chapter.2}% 25
\BOOKMARK [1][-]{section.2.3}{\376\377\000C\000o\000l\000o\000r\000l\000e\000s\000s\000\040\000D\000i\000s\000t\000r\000i\000b\000u\000t\000e\000d\000\040\000C\000o\000m\000b\000u\000s\000t\000i\000o\000n\000\040\000\050\000C\000D\000C\000\051}{chapter.2}% 26
\BOOKMARK [1][-]{section.2.4}{\376\377\000F\000l\000a\000m\000e\000l\000e\000s\000s\000\040\000O\000x\000i\000d\000a\000t\000i\000o\000n\000\040\000\050\000F\000L\000O\000X\000\051}{chapter.2}% 27
\BOOKMARK [1][-]{section.2.5}{\376\377\000M\000o\000d\000e\000r\000a\000t\000e\000\040\000I\000n\000t\000e\000n\000s\000e\000\040\000a\000n\000d\000\040\000L\000o\000w\000\040\000o\000x\000y\000g\000e\000n\000\040\000D\000i\000l\000u\000t\000i\000o\000n\000\040\000\050\000M\000I\000L\000D\000\051}{chapter.2}% 28
\BOOKMARK [1][-]{section.2.6}{\376\377\000P\000r\000i\000n\000c\000e\000t\000o\000n\000\040\000A\000s\000y\000m\000m\000e\000t\000r\000i\000c\000\040\000W\000h\000i\000r\000l\000\040\000C\000o\000m\000b\000u\000s\000t\000o\000r\000\040\000\050\000P\000A\000W\000C\000\051}{chapter.2}% 29
\BOOKMARK [1][-]{section.2.7}{\376\377\000F\000u\000e\000l\000/\000o\000x\000i\000d\000a\000n\000t\000\040\000d\000i\000r\000e\000c\000t\000\040\000i\000n\000j\000e\000c\000t\000i\000o\000n\000\040\000\050\000F\000O\000D\000I\000\051}{chapter.2}% 30
\BOOKMARK [1][-]{section.2.8}{\376\377\000H\000i\000g\000h\000\040\000I\000n\000t\000e\000n\000s\000i\000t\000y\000\040\000L\000o\000w\000\040\000E\000m\000i\000s\000s\000i\000o\000n\000\040\000B\000u\000r\000n\000e\000r\000\040\000\050\000H\000I\000L\000E\000\051}{chapter.2}% 31
\BOOKMARK [1][-]{section.2.9}{\376\377\000J\000e\000t\000\040\000S\000t\000i\000r\000r\000e\000d\000\040\000R\000e\000a\000c\000t\000o\000r\000\040\000\050\000J\000S\000R\000\051}{chapter.2}% 32
\BOOKMARK [1][-]{section.2.10}{\376\377\000T\000r\000a\000p\000p\000e\000d\000\040\000V\000o\000r\000t\000e\000x\000\040\000C\000o\000m\000b\000u\000s\000t\000o\000r\000\040\000\050\000T\000V\000C\000\051}{chapter.2}% 33
\BOOKMARK [1][-]{section.2.11}{\376\377\000D\000r\000y\000\040\000L\000o\000w\000\040\000N\000O\000x\000\040\000\050\000D\000L\000N\000\051}{chapter.2}% 34
\BOOKMARK [1][-]{section.2.12}{\376\377\000P\000e\000r\000i\000p\000h\000e\000r\000a\000l\000\040\000V\000o\000r\000t\000e\000x\000\040\000R\000e\000v\000e\000r\000s\000e\000\040\000F\000l\000o\000w\000\040\000\050\000P\000V\000R\000F\000\051}{chapter.2}% 35
\BOOKMARK [1][-]{section.2.13}{\376\377\000S\000t\000a\000g\000n\000a\000t\000i\000o\000n\000\040\000P\000o\000i\000n\000t\000\040\000R\000e\000v\000e\000r\000s\000e\000\040\000F\000l\000o\000w\000\040\000\050\000S\000P\000R\000F\000\051}{chapter.2}% 36
\BOOKMARK [1][-]{section.2.14}{\376\377\000O\000b\000j\000e\000c\000t\000i\000v\000e\000s}{chapter.2}% 37
\BOOKMARK [0][-]{chapter.3}{\376\377\000C\000D\000C\000\040\000D\000e\000s\000i\000g\000n\000\040\000P\000a\000r\000a\000m\000e\000t\000e\000r\000s}{}% 38
\BOOKMARK [1][-]{section.3.1}{\376\377\000I\000n\000t\000r\000o\000d\000u\000c\000t\000i\000o\000n}{chapter.3}% 39
\BOOKMARK [1][-]{section.3.2}{\376\377\000F\000u\000e\000l\000/\000O\000x\000i\000d\000i\000z\000e\000r\000\040\000M\000i\000x\000i\000n\000g}{chapter.3}% 40
\BOOKMARK [1][-]{section.3.3}{\376\377\000G\000a\000s\000\040\000R\000e\000c\000i\000r\000c\000u\000l\000a\000t\000i\000o\000n}{chapter.3}% 41
\BOOKMARK [1][-]{section.3.4}{\376\377\000T\000h\000e\000r\000m\000a\000l\000\040\000I\000n\000t\000e\000n\000s\000i\000t\000y\000\040\000\046\000\040\000R\000e\000s\000i\000d\000e\000n\000c\000e\000\040\000T\000i\000m\000e}{chapter.3}% 42
\BOOKMARK [0][-]{chapter.4}{\376\377\000N\000u\000m\000e\000r\000i\000c\000a\000l\000\040\000a\000n\000d\000\040\000E\000x\000p\000e\000r\000i\000m\000e\000n\000t\000a\000l\000\040\000M\000e\000t\000h\000o\000d\000o\000l\000o\000g\000i\000e\000s}{}% 43
\BOOKMARK [1][-]{section.4.1}{\376\377\000I\000n\000t\000r\000o\000d\000u\000c\000t\000i\000o\000n}{chapter.4}% 44
\BOOKMARK [1][-]{section.4.2}{\376\377\000N\000u\000m\000e\000r\000i\000c\000a\000l\000\040\000s\000e\000t\000u\000p}{chapter.4}% 45
\BOOKMARK [2][-]{subsection.4.2.1}{\376\377\000C\000o\000m\000b\000u\000s\000t\000o\000r\000\040\000M\000e\000s\000h}{section.4.2}% 46
\BOOKMARK [2][-]{subsection.4.2.2}{\376\377\000I\000n\000i\000t\000i\000a\000l\000\040\000a\000n\000d\000\040\000B\000o\000u\000n\000d\000a\000r\000y\000\040\000C\000o\000n\000d\000i\000t\000i\000o\000n\000s}{section.4.2}% 47
\BOOKMARK [2][-]{subsection.4.2.3}{\376\377\000T\000u\000r\000b\000u\000l\000e\000n\000c\000e\000\040\000a\000n\000d\000\040\000C\000o\000m\000b\000u\000s\000t\000i\000o\000n\000\040\000M\000o\000d\000e\000l}{section.4.2}% 48
\BOOKMARK [1][-]{section.4.3}{\376\377\000E\000x\000p\000e\000r\000i\000m\000e\000n\000t\000a\000l\000\040\000S\000e\000t\000u\000p}{chapter.4}% 49
\BOOKMARK [2][-]{subsection.4.3.1}{\376\377\000G\000l\000o\000b\000a\000l\000\040\000I\000m\000a\000g\000i\000n\000g}{section.4.3}% 50
\BOOKMARK [2][-]{subsection.4.3.2}{\376\377\000C\000H\000*\000\040\000C\000h\000e\000m\000i\000l\000u\000m\000i\000n\000e\000s\000c\000e\000n\000e}{section.4.3}% 51
\BOOKMARK [2][-]{subsection.4.3.3}{\376\377\000G\000a\000s\000\040\000A\000n\000a\000l\000y\000z\000e\000r}{section.4.3}% 52
\BOOKMARK [2][-]{subsection.4.3.4}{\376\377\000C\000o\000m\000b\000u\000s\000t\000o\000r\000\040\000D\000e\000s\000i\000g\000n\000\040\000a\000n\000d\000\040\000I\000g\000n\000i\000t\000i\000o\000n\000\040\000P\000r\000o\000c\000e\000s\000s}{section.4.3}% 53
\BOOKMARK [0][-]{chapter.5}{\376\377\000R\000e\000s\000u\000l\000t\000s\000\040\000a\000n\000d\000\040\000D\000i\000s\000c\000u\000s\000s\000i\000o\000n}{}% 54
\BOOKMARK [1][-]{section.5.1}{\376\377\000N\000u\000m\000e\000r\000i\000c\000a\000l\000\040\000r\000e\000s\000u\000l\000t\000s}{chapter.5}% 55
\BOOKMARK [2][-]{subsection.5.1.1}{\376\377\000F\000l\000o\000w\000\040\000f\000i\000e\000l\000d\000\040\000C\000h\000a\000r\000a\000c\000t\000e\000r\000i\000s\000t\000i\000c\000s}{section.5.1}% 56
\BOOKMARK [2][-]{subsection.5.1.2}{\376\377\000T\000e\000m\000p\000e\000r\000a\000t\000u\000r\000e\000\040\000f\000i\000e\000l\000d\000\040\000c\000h\000a\000r\000a\000c\000t\000e\000r\000i\000s\000t\000i\000c\000s}{section.5.1}% 57
\BOOKMARK [2][-]{subsection.5.1.3}{\376\377\000R\000e\000c\000i\000r\000c\000u\000l\000a\000t\000i\000o\000n\000\040\000r\000a\000t\000i\000o\000\040}{section.5.1}% 58
\BOOKMARK [1][-]{section.5.2}{\376\377\000E\000x\000p\000e\000r\000i\000m\000e\000n\000t\000a\000l\000\040\000R\000e\000s\000u\000l\000t\000s}{chapter.5}% 59
\BOOKMARK [2][-]{subsection.5.2.1}{\376\377\000G\000l\000o\000b\000a\000l\000\040\000I\000m\000a\000g\000i\000n\000g}{section.5.2}% 60
\BOOKMARK [2][-]{subsection.5.2.2}{\376\377\000C\000H\000*\000\040\000c\000h\000e\000m\000i\000l\000u\000m\000i\000n\000e\000s\000c\000e\000n\000c\000e}{section.5.2}% 61
\BOOKMARK [2][-]{subsection.5.2.3}{\376\377\000E\000m\000i\000s\000s\000i\000o\000n\000s\000\040\000c\000h\000a\000r\000a\000c\000t\000e\000r\000i\000s\000t\000i\000c\000s}{section.5.2}% 62
\BOOKMARK [0][-]{chapter.6}{\376\377\000C\000o\000n\000c\000l\000u\000s\000i\000o\000n\000s\000\040\000a\000n\000d\000\040\000F\000u\000t\000u\000r\000e\000\040\000S\000c\000o\000p\000e}{}% 63
\BOOKMARK [1][-]{section.6.1}{\376\377\000C\000o\000n\000c\000l\000u\000s\000i\000o\000n\000s}{chapter.6}% 64
\BOOKMARK [1][-]{section.6.2}{\376\377\000F\000u\000t\000u\000r\000e\000\040\000s\000c\000o\000p\000e}{chapter.6}% 65
\BOOKMARK [0][-]{section.6.2}{\376\377\000R\000e\000f\000e\000r\000e\000n\000c\000e\000s}{}% 66
